c:\users\я\desktop\нужное\курсачи\моделька\laboratory\laboratory\release\moc_exercise.obj
c:\users\я\desktop\нужное\курсачи\моделька\laboratory\laboratory\release\moc_laboratory.obj
c:\users\я\desktop\нужное\курсачи\моделька\laboratory\laboratory\release\qrc_images.obj
c:\users\я\desktop\нужное\курсачи\моделька\laboratory\laboratory\release\moc_theory.obj
c:\users\я\desktop\нужное\курсачи\моделька\laboratory\laboratory\release\qrc_laboratory.obj
c:\users\я\desktop\нужное\курсачи\моделька\laboratory\laboratory\release\moc_equipment.obj
c:\users\я\desktop\нужное\курсачи\моделька\laboratory\laboratory\release\laboratory.obj
c:\users\я\desktop\нужное\курсачи\моделька\laboratory\laboratory\release\theory.obj
c:\users\я\desktop\нужное\курсачи\моделька\laboratory\laboratory\release\equipment.obj
c:\users\я\desktop\нужное\курсачи\моделька\laboratory\laboratory\release\text_file.obj
c:\users\я\desktop\нужное\курсачи\моделька\laboratory\laboratory\release\exercise.obj
c:\users\я\desktop\нужное\курсачи\моделька\laboratory\laboratory\release\main.obj
c:\users\я\desktop\нужное\курсачи\моделька\laboratory\laboratory\release\uic\ui_equipment.h
c:\users\я\desktop\нужное\курсачи\моделька\laboratory\laboratory\release\uic\ui_exercise.h
c:\users\я\desktop\нужное\курсачи\моделька\laboratory\laboratory\release\uic\ui_laboratory.h
c:\users\я\desktop\нужное\курсачи\моделька\laboratory\laboratory\release\uic\ui_theory.h
c:\users\я\desktop\нужное\курсачи\моделька\laboratory\laboratory\release\rcc\qrc_images.cpp
c:\users\я\desktop\нужное\курсачи\моделька\laboratory\laboratory\release\rcc\qrc_laboratory.cpp
c:\users\я\desktop\нужное\курсачи\моделька\laboratory\laboratory\release\moc\moc_laboratory.cpp
c:\users\я\desktop\нужное\курсачи\моделька\laboratory\laboratory\release\moc\moc_exercise.cpp
c:\users\я\desktop\нужное\курсачи\моделька\laboratory\laboratory\release\moc\moc_equipment.cpp
c:\users\я\desktop\нужное\курсачи\моделька\laboratory\laboratory\release\moc\moc_theory.cpp
c:\users\я\desktop\нужное\курсачи\моделька\laboratory\release\laboratory.exe
c:\users\я\desktop\нужное\курсачи\моделька\laboratory\laboratory\release\\moc\moc_laboratory.cpp
c:\users\я\desktop\нужное\курсачи\моделька\laboratory\laboratory\release\\moc\moc_exercise.cpp
c:\users\я\desktop\нужное\курсачи\моделька\laboratory\laboratory\release\\moc\moc_equipment.cpp
c:\users\я\desktop\нужное\курсачи\моделька\laboratory\laboratory\release\\moc\moc_theory.cpp
c:\users\я\desktop\нужное\курсачи\моделька\laboratory\laboratory\release\\rcc\qrc_images.cpp
c:\users\я\desktop\нужное\курсачи\моделька\laboratory\laboratory\release\\rcc\qrc_laboratory.cpp
c:\users\я\desktop\нужное\курсачи\моделька\laboratory\laboratory\release\\uic\ui_equipment.h
c:\users\я\desktop\нужное\курсачи\моделька\laboratory\laboratory\release\\uic\ui_exercise.h
c:\users\я\desktop\нужное\курсачи\моделька\laboratory\laboratory\release\\uic\ui_laboratory.h
c:\users\я\desktop\нужное\курсачи\моделька\laboratory\laboratory\release\\uic\ui_theory.h
c:\users\я\desktop\нужное\курсачи\моделька\laboratory\laboratory\release\laboratory.tlog\cl.2972.write.1.tlog
c:\users\я\desktop\нужное\курсачи\моделька\laboratory\laboratory\release\laboratory.tlog\cl.command.1.tlog
c:\users\я\desktop\нужное\курсачи\моделька\laboratory\laboratory\release\laboratory.tlog\cl.read.1.tlog
c:\users\я\desktop\нужное\курсачи\моделька\laboratory\laboratory\release\laboratory.tlog\laboratory.write.1u.tlog
c:\users\я\desktop\нужное\курсачи\моделька\laboratory\laboratory\release\laboratory.tlog\link.command.1.tlog
c:\users\я\desktop\нужное\курсачи\моделька\laboratory\laboratory\release\laboratory.tlog\link.read.1.tlog
c:\users\я\desktop\нужное\курсачи\моделька\laboratory\laboratory\release\laboratory.tlog\link.write.1.tlog
c:\users\я\desktop\нужное\курсачи\моделька\laboratory\laboratory\release\laboratory.tlog\moc.read.1u.tlog
c:\users\я\desktop\нужное\курсачи\моделька\laboratory\laboratory\release\laboratory.tlog\moc.write.1u.tlog
c:\users\я\desktop\нужное\курсачи\моделька\laboratory\laboratory\release\laboratory.tlog\rcc.read.1u.tlog
c:\users\я\desktop\нужное\курсачи\моделька\laboratory\laboratory\release\laboratory.tlog\rcc.write.1u.tlog
c:\users\я\desktop\нужное\курсачи\моделька\laboratory\laboratory\release\laboratory.tlog\uic.read.1u.tlog
c:\users\я\desktop\нужное\курсачи\моделька\laboratory\laboratory\release\laboratory.tlog\uic.write.1u.tlog
