c:\users\я\desktop\нужное\курсачи\моделька\laboratory\laboratory\debug\qrc_images.obj
c:\users\я\desktop\нужное\курсачи\моделька\laboratory\laboratory\debug\moc_theory.obj
c:\users\я\desktop\нужное\курсачи\моделька\laboratory\laboratory\debug\moc_exercise.obj
c:\users\я\desktop\нужное\курсачи\моделька\laboratory\laboratory\debug\moc_laboratory.obj
c:\users\я\desktop\нужное\курсачи\моделька\laboratory\laboratory\debug\qrc_laboratory.obj
c:\users\я\desktop\нужное\курсачи\моделька\laboratory\laboratory\debug\moc_equipment.obj
c:\users\я\desktop\нужное\курсачи\моделька\laboratory\laboratory\debug\main.obj
c:\users\я\desktop\нужное\курсачи\моделька\laboratory\laboratory\debug\theory.obj
c:\users\я\desktop\нужное\курсачи\моделька\laboratory\laboratory\debug\exercise.obj
c:\users\я\desktop\нужное\курсачи\моделька\laboratory\laboratory\debug\laboratory.obj
c:\users\я\desktop\нужное\курсачи\моделька\laboratory\laboratory\debug\equipment.obj
c:\users\я\desktop\нужное\курсачи\моделька\laboratory\laboratory\debug\text_file.obj
c:\users\я\desktop\нужное\курсачи\моделька\laboratory\laboratory\debug\vc141.pdb
c:\users\я\desktop\нужное\курсачи\моделька\laboratory\laboratory\debug\uic\ui_equipment.h
c:\users\я\desktop\нужное\курсачи\моделька\laboratory\laboratory\debug\uic\ui_exercise.h
c:\users\я\desktop\нужное\курсачи\моделька\laboratory\laboratory\debug\uic\ui_laboratory.h
c:\users\я\desktop\нужное\курсачи\моделька\laboratory\laboratory\debug\uic\ui_theory.h
c:\users\я\desktop\нужное\курсачи\моделька\laboratory\laboratory\debug\rcc\qrc_images.cpp
c:\users\я\desktop\нужное\курсачи\моделька\laboratory\laboratory\debug\rcc\qrc_laboratory.cpp
c:\users\я\desktop\нужное\курсачи\моделька\laboratory\laboratory\debug\moc\moc_laboratory.cpp
c:\users\я\desktop\нужное\курсачи\моделька\laboratory\laboratory\debug\moc\moc_exercise.cpp
c:\users\я\desktop\нужное\курсачи\моделька\laboratory\laboratory\debug\moc\moc_equipment.cpp
c:\users\я\desktop\нужное\курсачи\моделька\laboratory\laboratory\debug\moc\moc_theory.cpp
c:\users\я\desktop\нужное\курсачи\моделька\laboratory\laboratory\debug\\moc\moc_laboratory.cpp
c:\users\я\desktop\нужное\курсачи\моделька\laboratory\laboratory\debug\\moc\moc_exercise.cpp
c:\users\я\desktop\нужное\курсачи\моделька\laboratory\laboratory\debug\\moc\moc_equipment.cpp
c:\users\я\desktop\нужное\курсачи\моделька\laboratory\laboratory\debug\\moc\moc_theory.cpp
c:\users\я\desktop\нужное\курсачи\моделька\laboratory\laboratory\debug\\rcc\qrc_images.cpp
c:\users\я\desktop\нужное\курсачи\моделька\laboratory\laboratory\debug\\rcc\qrc_laboratory.cpp
c:\users\я\desktop\нужное\курсачи\моделька\laboratory\laboratory\debug\\uic\ui_equipment.h
c:\users\я\desktop\нужное\курсачи\моделька\laboratory\laboratory\debug\\uic\ui_exercise.h
c:\users\я\desktop\нужное\курсачи\моделька\laboratory\laboratory\debug\\uic\ui_laboratory.h
c:\users\я\desktop\нужное\курсачи\моделька\laboratory\laboratory\debug\\uic\ui_theory.h
c:\users\я\desktop\нужное\курсачи\моделька\laboratory\debug\laboratory.pdb
c:\users\я\desktop\нужное\курсачи\моделька\laboratory\laboratory\debug\laboratory.tlog\cl.2584.write.1.tlog
c:\users\я\desktop\нужное\курсачи\моделька\laboratory\laboratory\debug\laboratory.tlog\cl.command.1.tlog
c:\users\я\desktop\нужное\курсачи\моделька\laboratory\laboratory\debug\laboratory.tlog\cl.read.1.tlog
c:\users\я\desktop\нужное\курсачи\моделька\laboratory\laboratory\debug\laboratory.tlog\laboratory.write.1u.tlog
c:\users\я\desktop\нужное\курсачи\моделька\laboratory\laboratory\debug\laboratory.tlog\link-cvtres.read.1.tlog
c:\users\я\desktop\нужное\курсачи\моделька\laboratory\laboratory\debug\laboratory.tlog\link-cvtres.write.1.tlog
c:\users\я\desktop\нужное\курсачи\моделька\laboratory\laboratory\debug\laboratory.tlog\link-rc.read.1.tlog
c:\users\я\desktop\нужное\курсачи\моделька\laboratory\laboratory\debug\laboratory.tlog\link-rc.write.1.tlog
c:\users\я\desktop\нужное\курсачи\моделька\laboratory\laboratory\debug\laboratory.tlog\link.command.1.tlog
c:\users\я\desktop\нужное\курсачи\моделька\laboratory\laboratory\debug\laboratory.tlog\link.read.1.tlog
c:\users\я\desktop\нужное\курсачи\моделька\laboratory\laboratory\debug\laboratory.tlog\link.write.1.tlog
c:\users\я\desktop\нужное\курсачи\моделька\laboratory\laboratory\debug\laboratory.tlog\moc.read.1u.tlog
c:\users\я\desktop\нужное\курсачи\моделька\laboratory\laboratory\debug\laboratory.tlog\moc.write.1u.tlog
c:\users\я\desktop\нужное\курсачи\моделька\laboratory\laboratory\debug\laboratory.tlog\rcc.read.1u.tlog
c:\users\я\desktop\нужное\курсачи\моделька\laboratory\laboratory\debug\laboratory.tlog\rcc.write.1u.tlog
c:\users\я\desktop\нужное\курсачи\моделька\laboratory\laboratory\debug\laboratory.tlog\uic.read.1u.tlog
c:\users\я\desktop\нужное\курсачи\моделька\laboratory\laboratory\debug\laboratory.tlog\uic.write.1u.tlog
